* using log directory ‘/Users/hadimaster/Documents/hadi_project/research_project/grafeoR/..Rcheck’
* using R version 4.5.2 (2025-10-31)
* using platform: aarch64-apple-darwin20
* R was compiled by
    Apple clang version 16.0.0 (clang-1600.0.26.6)
    GNU Fortran (GCC) 14.2.0
* running under: macOS Tahoe 26.3.1
* using session charset: UTF-8
* using option ‘--no-manual’
* checking for file ‘./DESCRIPTION’ ... OK
* this is package ‘grafeoR’ version ‘0.0.0.9000’
* package encoding: UTF-8
* checking package namespace information ... OK
* checking package dependencies ... OK
* checking if this is a source package ... WARNING
Subdirectory ‘grafeoR/src’ contains apparent object files/libraries
  entrypoint.o grafeoR.so
Object files/libraries should not be included in a source package.
* checking if there is a namespace ... OK
* checking for executable files ... OK
* checking for hidden files and directories ... NOTE
Found the following hidden files and directories:
  .gitignore
  src/.gitignore
  ..Rcheck
These were most likely included in error. See section ‘Package
structure’ in the ‘Writing R Extensions’ manual.
* checking for portable file names ... OK
* checking for sufficient/correct file permissions ... OK
* checking whether package ‘grafeoR’ can be installed ... OK
* used C compiler: ‘Apple clang version 17.0.0 (clang-1700.6.4.2)’
* used SDK: ‘MacOSX26.2.sdk’
* checking installed package size ... INFO
  installed size is  5.1Mb
  sub-directories of 1Mb or more:
    libs   5.0Mb
* checking package directory ... OK
* checking DESCRIPTION meta-information ... NOTE
Checking should be performed on sources prepared by ‘R CMD build’.
* checking top-level files ... OK
* checking for left-over files ... OK
* checking index information ... OK
* checking package subdirectories ... WARNING
Found the following directory with the name of a check directory:
  ./..Rcheck
Most likely, these were included erroneously.
* checking code files for non-ASCII characters ... OK
* checking R files for syntax errors ... OK
* checking whether the package can be loaded ... OK
* checking whether the package can be loaded with stated dependencies ... OK
* checking whether the package can be unloaded cleanly ... OK
* checking whether the namespace can be loaded with stated dependencies ... OK
* checking whether the namespace can be unloaded cleanly ... OK
* checking loading without being on the library search path ... OK
* checking dependencies in R code ... NOTE
Namespace in Imports field not imported from: ‘R6’
  All declared Imports should be used.
* checking S3 generic/method consistency ... OK
* checking replacement functions ... OK
* checking foreign function calls ... OK
* checking R code for possible problems ... OK
* checking Rd files ... OK
* checking Rd metadata ... OK
* checking Rd cross-references ... OK
* checking for missing documentation entries ... OK
* checking for code/documentation mismatches ... OK
* checking Rd \usage sections ... OK
* checking Rd contents ... OK
* checking for unstated dependencies in examples ... OK
* checking LazyData ... INFO
  'LazyData' is specified without a 'data' directory
* checking line endings in shell scripts ... OK
* checking line endings in C/C++/Fortran sources/headers ... NOTE
Found the following sources/headers with CR or CRLF line endings:
  src/entrypoint.c
Some Unix compilers require LF line endings.
* checking line endings in Makefiles ... WARNING
Found the following Makefile(s) with CR or CRLF line endings:
  src/Makevars.in
Some Unix ‘make’ programs require LF line endings.
* checking compilation flags in Makevars ... NOTE
Package has both ‘src/Makevars.in’ and ‘src/Makevars’.
Installation with --no-configure' is unlikely to work.  If you intended
‘src/Makevars’ to be used on Windows, rename it to ‘src/Makevars.win’
otherwise remove it.  If ‘configure’ created ‘src/Makevars’, you need a
‘cleanup’ script.
* checking for GNU extensions in Makefiles ... OK
* checking for portable use of $(BLAS_LIBS) and $(LAPACK_LIBS) ... OK
* checking use of PKG_*FLAGS in Makefiles ... OK
* checking compiled code ... OK
* checking files in ‘vignettes’ ... WARNING
Files in the 'vignettes' directory but no files in 'inst/doc':
  ‘getting-started.Rmd’
* checking examples ... OK
* checking for unstated dependencies in ‘tests’ ... OK
* checking tests ... OK
  Running ‘testthat.R’
* checking for unstated dependencies in vignettes ... OK
* checking package vignettes ... WARNING
Directory 'inst/doc' does not exist.
Package vignette without corresponding single PDF/HTML:
  ‘getting-started.Rmd’
* checking re-building of vignette outputs ... OK
* DONE
Status: 5 WARNINGs, 5 NOTEs
